27-Sep-2021 20:20:44.682 INFO [main] org.apache.catalina.startup.VersionLoggerListener.log Server version name:   Apache Tomcat/9.0.46
27-Sep-2021 20:20:44.686 INFO [main] org.apache.catalina.startup.VersionLoggerListener.log Server built:          May 8 2021 17:35:52 UTC
27-Sep-2021 20:20:44.686 INFO [main] org.apache.catalina.startup.VersionLoggerListener.log Server version number: 9.0.46.0
27-Sep-2021 20:20:44.687 INFO [main] org.apache.catalina.startup.VersionLoggerListener.log OS Name:               Windows 10
27-Sep-2021 20:20:44.687 INFO [main] org.apache.catalina.startup.VersionLoggerListener.log OS Version:            10.0
27-Sep-2021 20:20:44.687 INFO [main] org.apache.catalina.startup.VersionLoggerListener.log Architecture:          amd64
27-Sep-2021 20:20:44.687 INFO [main] org.apache.catalina.startup.VersionLoggerListener.log Java Home:             C:\corretto-11.0.12\corretto-11.0.12
27-Sep-2021 20:20:44.687 INFO [main] org.apache.catalina.startup.VersionLoggerListener.log JVM Version:           11.0.12+7-LTS
27-Sep-2021 20:20:44.688 INFO [main] org.apache.catalina.startup.VersionLoggerListener.log JVM Vendor:            Amazon.com Inc.
27-Sep-2021 20:20:44.688 INFO [main] org.apache.catalina.startup.VersionLoggerListener.log CATALINA_BASE:         E:\Phimmoi\apache-tomcat-9.0.46
27-Sep-2021 20:20:44.688 INFO [main] org.apache.catalina.startup.VersionLoggerListener.log CATALINA_HOME:         E:\Phimmoi\apache-tomcat-9.0.46
27-Sep-2021 20:20:44.710 INFO [main] org.apache.catalina.startup.VersionLoggerListener.log Command line argument: --add-opens=java.base/java.lang=ALL-UNNAMED
27-Sep-2021 20:20:44.710 INFO [main] org.apache.catalina.startup.VersionLoggerListener.log Command line argument: --add-opens=java.base/java.io=ALL-UNNAMED
27-Sep-2021 20:20:44.711 INFO [main] org.apache.catalina.startup.VersionLoggerListener.log Command line argument: --add-opens=java.base/java.util=ALL-UNNAMED
27-Sep-2021 20:20:44.711 INFO [main] org.apache.catalina.startup.VersionLoggerListener.log Command line argument: --add-opens=java.base/java.util.concurrent=ALL-UNNAMED
27-Sep-2021 20:20:44.711 INFO [main] org.apache.catalina.startup.VersionLoggerListener.log Command line argument: --add-opens=java.rmi/sun.rmi.transport=ALL-UNNAMED
27-Sep-2021 20:20:44.712 INFO [main] org.apache.catalina.startup.VersionLoggerListener.log Command line argument: -Djava.util.logging.config.file=E:\Phimmoi\apache-tomcat-9.0.46\conf\logging.properties
27-Sep-2021 20:20:44.712 INFO [main] org.apache.catalina.startup.VersionLoggerListener.log Command line argument: -Djava.util.logging.manager=org.apache.juli.ClassLoaderLogManager
27-Sep-2021 20:20:44.713 INFO [main] org.apache.catalina.startup.VersionLoggerListener.log Command line argument: -Djdk.tls.ephemeralDHKeySize=2048
27-Sep-2021 20:20:44.713 INFO [main] org.apache.catalina.startup.VersionLoggerListener.log Command line argument: -Djava.protocol.handler.pkgs=org.apache.catalina.webresources
27-Sep-2021 20:20:44.714 INFO [main] org.apache.catalina.startup.VersionLoggerListener.log Command line argument: -Dignore.endorsed.dirs=
27-Sep-2021 20:20:44.715 INFO [main] org.apache.catalina.startup.VersionLoggerListener.log Command line argument: -Dcatalina.base=E:\Phimmoi\apache-tomcat-9.0.46
27-Sep-2021 20:20:44.715 INFO [main] org.apache.catalina.startup.VersionLoggerListener.log Command line argument: -Dcatalina.home=E:\Phimmoi\apache-tomcat-9.0.46
27-Sep-2021 20:20:44.716 INFO [main] org.apache.catalina.startup.VersionLoggerListener.log Command line argument: -Djava.io.tmpdir=E:\Phimmoi\apache-tomcat-9.0.46\temp
27-Sep-2021 20:20:44.721 INFO [main] org.apache.catalina.core.AprLifecycleListener.lifecycleEvent The Apache Tomcat Native library which allows using OpenSSL was not found on the java.library.path: [C:\corretto-11.0.12\corretto-11.0.12\bin;C:\Windows\Sun\Java\bin;C:\Windows\system32;C:\Windows;C:\Windows\system32;C:\Windows;C:\Windows\System32\Wbem;C:\Windows\System32\WindowsPowerShell\v1.0\;C:\Windows\System32\OpenSSH\;C:\Program Files\Microsoft SQL Server\Client SDK\ODBC\110\Tools\Binn\;C:\Program Files (x86)\Microsoft SQL Server\120\Tools\Binn\;C:\Program Files\Microsoft SQL Server\120\Tools\Binn\;C:\Program Files\Microsoft SQL Server\120\DTS\Binn\;C:\GIT\install\Git\cmd;C:\Program Files\nodejs\;C:\corretto-11.0.12\corretto-11.0.12\bin;C:\Program Files\MySQL\MySQL Shell 8.0\bin\;C:\Users\PC\AppData\Local\Microsoft\WindowsApps;;C:\VSCode\Install\Microsoft VS Code\bin;C:\Users\PC\AppData\Roaming\npm;.]
27-Sep-2021 20:20:45.054 INFO [main] org.apache.coyote.AbstractProtocol.init Initializing ProtocolHandler ["http-nio-8080"]
27-Sep-2021 20:20:45.242 INFO [main] org.apache.coyote.AbstractProtocol.init Initializing ProtocolHandler ["https-jsse-nio-8443"]
27-Sep-2021 20:20:45.732 INFO [main] org.apache.catalina.startup.Catalina.load Server initialization in [1294] milliseconds
27-Sep-2021 20:20:45.792 INFO [main] org.apache.catalina.core.StandardService.startInternal Starting service [Catalina]
27-Sep-2021 20:20:45.792 INFO [main] org.apache.catalina.core.StandardEngine.startInternal Starting Servlet engine: [Apache Tomcat/9.0.46]
27-Sep-2021 20:20:45.816 INFO [main] org.apache.catalina.startup.HostConfig.deployWAR Deploying web application archive [E:\Phimmoi\apache-tomcat-9.0.46\webapps\phimmoi.war]
27-Sep-2021 20:20:47.958 INFO [main] org.apache.jasper.servlet.TldScanner.scanJars At least one JAR was scanned for TLDs yet contained no TLDs. Enable debug logging for this logger for a complete list of JARs that were scanned but no TLDs were found in them. Skipping unneeded JARs during scanning can improve startup time and JSP compilation time.
27-Sep-2021 20:20:48.093 WARNING [main] org.apache.catalina.util.SessionIdGeneratorBase.createSecureRandom Creation of SecureRandom instance for session ID generation using [SHA1PRNG] took [107] milliseconds.
27-Sep-2021 20:20:48.131 INFO [main] org.apache.catalina.startup.HostConfig.deployWAR Deployment of web application archive [E:\Phimmoi\apache-tomcat-9.0.46\webapps\phimmoi.war] has finished in [2,314] ms
27-Sep-2021 20:20:48.132 INFO [main] org.apache.catalina.startup.HostConfig.deployDirectory Deploying web application directory [E:\Phimmoi\apache-tomcat-9.0.46\webapps\docs]
27-Sep-2021 20:20:48.153 INFO [main] org.apache.catalina.startup.HostConfig.deployDirectory Deployment of web application directory [E:\Phimmoi\apache-tomcat-9.0.46\webapps\docs] has finished in [20] ms
27-Sep-2021 20:20:48.154 INFO [main] org.apache.catalina.startup.HostConfig.deployDirectory Deploying web application directory [E:\Phimmoi\apache-tomcat-9.0.46\webapps\examples]
27-Sep-2021 20:20:48.634 INFO [main] org.apache.catalina.startup.HostConfig.deployDirectory Deployment of web application directory [E:\Phimmoi\apache-tomcat-9.0.46\webapps\examples] has finished in [481] ms
27-Sep-2021 20:20:48.634 INFO [main] org.apache.catalina.startup.HostConfig.deployDirectory Deploying web application directory [E:\Phimmoi\apache-tomcat-9.0.46\webapps\host-manager]
27-Sep-2021 20:20:48.667 INFO [main] org.apache.catalina.startup.HostConfig.deployDirectory Deployment of web application directory [E:\Phimmoi\apache-tomcat-9.0.46\webapps\host-manager] has finished in [32] ms
27-Sep-2021 20:20:48.668 INFO [main] org.apache.catalina.startup.HostConfig.deployDirectory Deploying web application directory [E:\Phimmoi\apache-tomcat-9.0.46\webapps\manager]
27-Sep-2021 20:20:48.695 INFO [main] org.apache.catalina.startup.HostConfig.deployDirectory Deployment of web application directory [E:\Phimmoi\apache-tomcat-9.0.46\webapps\manager] has finished in [26] ms
27-Sep-2021 20:20:48.695 INFO [main] org.apache.catalina.startup.HostConfig.deployDirectory Deploying web application directory [E:\Phimmoi\apache-tomcat-9.0.46\webapps\ROOT]
27-Sep-2021 20:20:48.722 INFO [main] org.apache.catalina.startup.HostConfig.deployDirectory Deployment of web application directory [E:\Phimmoi\apache-tomcat-9.0.46\webapps\ROOT] has finished in [27] ms
27-Sep-2021 20:20:48.728 INFO [main] org.apache.coyote.AbstractProtocol.start Starting ProtocolHandler ["http-nio-8080"]
27-Sep-2021 20:20:48.736 INFO [main] org.apache.coyote.AbstractProtocol.start Starting ProtocolHandler ["https-jsse-nio-8443"]
27-Sep-2021 20:20:48.739 INFO [main] org.apache.catalina.startup.Catalina.start Server startup in [3006] milliseconds
27-Sep-2021 23:26:55.755 INFO [main] org.apache.catalina.core.StandardServer.await A valid shutdown command was received via the shutdown port. Stopping the Server instance.
27-Sep-2021 23:26:55.789 INFO [main] org.apache.coyote.AbstractProtocol.pause Pausing ProtocolHandler ["http-nio-8080"]
27-Sep-2021 23:26:56.025 INFO [main] org.apache.coyote.AbstractProtocol.pause Pausing ProtocolHandler ["https-jsse-nio-8443"]
27-Sep-2021 23:26:56.252 INFO [main] org.apache.catalina.core.StandardService.stopInternal Stopping service [Catalina]
27-Sep-2021 23:26:56.633 WARNING [main] org.apache.catalina.loader.WebappClassLoaderBase.clearReferencesJdbc The web application [phimmoi] registered the JDBC driver [com.mysql.cj.jdbc.Driver] but failed to unregister it when the web application was stopped. To prevent a memory leak, the JDBC Driver has been forcibly unregistered.
27-Sep-2021 23:26:56.639 WARNING [main] org.apache.catalina.loader.WebappClassLoaderBase.clearReferencesThreads The web application [phimmoi] appears to have started a thread named [mysql-cj-abandoned-connection-cleanup] but has failed to stop it. This is very likely to create a memory leak. Stack trace of thread:
 java.base@11.0.12/java.lang.Object.wait(Native Method)
 java.base@11.0.12/java.lang.ref.ReferenceQueue.remove(ReferenceQueue.java:155)
 com.mysql.cj.jdbc.AbandonedConnectionCleanupThread.run(AbandonedConnectionCleanupThread.java:91)
 java.base@11.0.12/java.util.concurrent.ThreadPoolExecutor.runWorker(ThreadPoolExecutor.java:1128)
 java.base@11.0.12/java.util.concurrent.ThreadPoolExecutor$Worker.run(ThreadPoolExecutor.java:628)
 java.base@11.0.12/java.lang.Thread.run(Thread.java:829)
27-Sep-2021 23:26:56.665 INFO [main] org.apache.coyote.AbstractProtocol.stop Stopping ProtocolHandler ["http-nio-8080"]
27-Sep-2021 23:26:56.724 INFO [main] org.apache.coyote.AbstractProtocol.stop Stopping ProtocolHandler ["https-jsse-nio-8443"]
27-Sep-2021 23:26:56.795 INFO [main] org.apache.coyote.AbstractProtocol.destroy Destroying ProtocolHandler ["http-nio-8080"]
27-Sep-2021 23:26:56.798 INFO [main] org.apache.coyote.AbstractProtocol.destroy Destroying ProtocolHandler ["https-jsse-nio-8443"]
